[2018-03-20T10:59:16.714] [INFO] production - GET /static/loopImg/15202178414401.jpg 响应: 200
[2018-03-20T10:59:16.797] [INFO] production - GET /static/banner/1520217876472.jpg 响应: 200
[2018-03-20T10:59:16.821] [INFO] production - GET /static/banner/1520217862577.jpg 响应: 200
[2018-03-20T10:59:16.822] [INFO] production - GET /static/loopImg/15202177548201.png 响应: 200
[2018-03-20T10:59:16.860] [INFO] production - GET /static/banner/1520217951926.jpg 响应: 200
[2018-03-20T11:09:11.142] [INFO] production - OPTIONS /loopImgs 响应: 200
[2018-03-20T11:09:11.157] [INFO] production - OPTIONS /getTopNews 响应: 200
[2018-03-20T11:09:11.317] [INFO] production - POST /loopImgs 响应: 200
[2018-03-20T11:09:11.324] [INFO] production - POST /getTopNews 响应: 200
[2018-03-20T11:09:11.414] [INFO] production - GET /getBannerImgs?pageSize=3&pageNum=1 响应: 200
[2018-03-20T11:09:11.511] [INFO] production - GET /static/loopImg/15202178414401.jpg 响应: 200
[2018-03-20T11:09:11.591] [INFO] production - GET /static/loopImg/15202177548201.png 响应: 200
[2018-03-20T11:09:11.595] [INFO] production - GET /static/banner/1520217876472.jpg 响应: 200
[2018-03-20T11:09:11.600] [INFO] production - GET /static/banner/1520217862577.jpg 响应: 200
[2018-03-20T11:09:11.607] [INFO] production - GET /static/banner/1520217951926.jpg 响应: 200
[2018-03-20T11:09:57.983] [INFO] production - GET /getNewsDetail?id=1 响应: 200
[2018-03-20T13:24:55.582] [INFO] production - OPTIONS /loopImgs 响应: 200
[2018-03-20T13:24:55.677] [INFO] production - OPTIONS /getTopNews 响应: 200
[2018-03-20T13:24:55.724] [INFO] production - POST /loopImgs 响应: 200
[2018-03-20T13:24:55.826] [INFO] production - GET /getBannerImgs?pageSize=3&pageNum=1 响应: 200
[2018-03-20T13:24:55.838] [INFO] production - POST /getTopNews 响应: 200
[2018-03-20T13:24:55.920] [INFO] production - GET /static/loopImg/15202178414401.jpg 响应: 200
[2018-03-20T13:24:55.921] [INFO] production - GET /static/loopImg/15202177548201.png 响应: 200
[2018-03-20T13:24:56.122] [INFO] production - GET /static/banner/1520217951926.jpg 响应: 200
[2018-03-20T13:24:56.123] [INFO] production - GET /static/banner/1520217862577.jpg 响应: 200
[2018-03-20T13:24:56.129] [INFO] production - GET /static/banner/1520217876472.jpg 响应: 200
[2018-03-20T16:14:15.196] [INFO] production - OPTIONS /loopImgs 响应: 200
[2018-03-20T16:14:15.199] [INFO] production - OPTIONS /getTopNews 响应: 200
[2018-03-20T16:14:15.305] [INFO] production - POST /loopImgs 响应: 200
[2018-03-20T16:14:15.308] [INFO] production - POST /getTopNews 响应: 200
[2018-03-20T16:14:15.401] [INFO] production - GET /getBannerImgs?pageSize=3&pageNum=1 响应: 200
[2018-03-20T16:14:15.440] [INFO] production - GET /static/loopImg/15202178414401.jpg 响应: 200
[2018-03-20T16:14:15.451] [INFO] production - GET /static/loopImg/15202177548201.png 响应: 200
[2018-03-20T16:14:15.657] [INFO] production - GET /static/banner/1520217862577.jpg 响应: 200
[2018-03-20T16:14:15.661] [INFO] production - GET /static/banner/1520217876472.jpg 响应: 200
[2018-03-20T16:14:15.690] [INFO] production - GET /static/banner/1520217951926.jpg 响应: 200
[2018-03-20T16:14:18.261] [INFO] production - POST /loopImgs 响应: 200
[2018-03-20T16:14:18.277] [INFO] production - POST /getTopNews 响应: 200
[2018-03-20T16:14:18.517] [INFO] production - GET /getBannerImgs?pageSize=3&pageNum=1 响应: 200
[2018-03-20T16:34:35.472] [INFO] production - OPTIONS /loopImgs 响应: 200
[2018-03-20T16:34:35.495] [INFO] production - OPTIONS /getTopNews 响应: 200
[2018-03-20T16:34:35.574] [INFO] production - POST /loopImgs 响应: 200
[2018-03-20T16:34:35.578] [INFO] production - POST /getTopNews 响应: 200
[2018-03-20T16:34:35.658] [INFO] production - GET /getBannerImgs?pageSize=3&pageNum=1 响应: 200
[2018-03-20T16:34:35.664] [INFO] production - GET /static/loopImg/15202178414401.jpg 响应: 200
[2018-03-20T16:34:35.671] [INFO] production - GET /static/loopImg/15202177548201.png 响应: 200
[2018-03-20T16:34:35.728] [INFO] production - GET /static/banner/1520217862577.jpg 响应: 200
[2018-03-20T16:34:35.729] [INFO] production - GET /static/banner/1520217876472.jpg 响应: 200
[2018-03-20T16:34:35.737] [INFO] production - GET /static/banner/1520217951926.jpg 响应: 200
